Processing 19 files
Start Processing: ru/d78boga/dreammobs/DreamMobs.java
Import: net.minecraftforge.fml.common.Mod
Import: net.minecraftforge.fml.common.Mod.EventHandler
Import: net.minecraftforge.fml.common.SidedProxy
Import: net.minecraftforge.fml.common.event.FMLInitializationEvent
Import: net.minecraftforge.fml.common.event.FMLPostInitializationEvent
Import: net.minecraftforge.fml.common.event.FMLPreInitializationEvent
Import: ru.d78boga.dreammobs.proxy.CommonProxy
End  Processing: ru/d78boga/dreammobs/DreamMobs.java

Start Processing: ru/d78boga/dreammobs/entity/EntityPyro.java
FOUND CONSTR method ru/d78boga/dreammobs/entity/EntityPyro/EntityPyro (Lnet/minecraft/world/World;)V ru/d78boga/dreammobs/entity/EntityPyro
Rename method net/minecraft/entity/Entity/setSize (FF)V[1154,1161]::setSize->func_70105_a
Rename field net/minecraft/entity/Entity/isImmuneToFire[1189,1203]::isImmuneToFire->field_70178_ae
Rename method net/minecraft/entity/EntityLivingBase/applyEntityAttributes ()V[1247,1268]::applyEntityAttributes->func_110147_ax
Rename method net/minecraft/entity/EntityLivingBase/applyEntityAttributes ()V[1277,1298]::applyEntityAttributes->func_110147_ax
Rename method net/minecraft/entity/EntityLivingBase/getEntityAttribute (Lnet/minecraft/entity/ai/attributes/IAttribute;)Lnet/minecraft/entity/ai/attributes/IAttributeInstance;[1303,1321]::getEntityAttribute->func_110148_a
Rename field net/minecraft/entity/SharedMonsterAttributes/MAX_HEALTH[1341,1351]::MAX_HEALTH->field_111267_a
Rename method net/minecraft/entity/ai/attributes/IAttributeInstance/setBaseValue (D)V[1357,1369]::setBaseValue->func_111128_a
Rename method net/minecraft/entity/EntityLivingBase/getEntityAttribute (Lnet/minecraft/entity/ai/attributes/IAttribute;)Lnet/minecraft/entity/ai/attributes/IAttributeInstance;[1385,1403]::getEntityAttribute->func_110148_a
Rename field net/minecraft/entity/SharedMonsterAttributes/FOLLOW_RANGE[1423,1435]::FOLLOW_RANGE->field_111265_b
Rename method net/minecraft/entity/ai/attributes/IAttributeInstance/setBaseValue (D)V[1439,1451]::setBaseValue->func_111128_a
Rename method net/minecraft/entity/EntityLivingBase/getEntityAttribute (Lnet/minecraft/entity/ai/attributes/IAttribute;)Lnet/minecraft/entity/ai/attributes/IAttributeInstance;[1469,1487]::getEntityAttribute->func_110148_a
Rename field net/minecraft/entity/SharedMonsterAttributes/MOVEMENT_SPEED[1507,1521]::MOVEMENT_SPEED->field_111263_d
Rename method net/minecraft/entity/ai/attributes/IAttributeInstance/setBaseValue (D)V[1523,1535]::setBaseValue->func_111128_a
Rename method net/minecraft/entity/EntityLivingBase/getEntityAttribute (Lnet/minecraft/entity/ai/attributes/IAttribute;)Lnet/minecraft/entity/ai/attributes/IAttributeInstance;[1552,1570]::getEntityAttribute->func_110148_a
Rename field net/minecraft/entity/SharedMonsterAttributes/ATTACK_DAMAGE[1590,1603]::ATTACK_DAMAGE->field_111264_e
Rename method net/minecraft/entity/ai/attributes/IAttributeInstance/setBaseValue (D)V[1606,1618]::setBaseValue->func_111128_a
Rename method net/minecraft/entity/EntityLivingBase/getEntityAttribute (Lnet/minecraft/entity/ai/attributes/IAttribute;)Lnet/minecraft/entity/ai/attributes/IAttributeInstance;[1635,1653]::getEntityAttribute->func_110148_a
Rename field net/minecraft/entity/SharedMonsterAttributes/ARMOR[1673,1678]::ARMOR->field_188791_g
Rename method net/minecraft/entity/ai/attributes/IAttributeInstance/setBaseValue (D)V[1689,1701]::setBaseValue->func_111128_a
Rename method net/minecraft/entity/EntityLivingBase/getEntityAttribute (Lnet/minecraft/entity/ai/attributes/IAttribute;)Lnet/minecraft/entity/ai/attributes/IAttributeInstance;[1718,1736]::getEntityAttribute->func_110148_a
Rename field net/minecraft/entity/SharedMonsterAttributes/ARMOR_TOUGHNESS[1756,1771]::ARMOR_TOUGHNESS->field_189429_h
Rename method net/minecraft/entity/ai/attributes/IAttributeInstance/setBaseValue (D)V[1772,1784]::setBaseValue->func_111128_a
Rename method net/minecraft/entity/EntityLiving/initEntityAI ()V[1828,1840]::initEntityAI->func_184651_r
Rename field net/minecraft/entity/EntityLiving/tasks[1856,1861]::tasks->field_70714_bg
Rename method net/minecraft/entity/ai/EntityAITasks/addTask (ILnet/minecraft/entity/ai/EntityAIBase;)V[1871,1878]::addTask->func_75776_a
Rename field net/minecraft/entity/EntityLiving/tasks[1924,1929]::tasks->field_70714_bg
Rename method net/minecraft/entity/ai/EntityAITasks/addTask (ILnet/minecraft/entity/ai/EntityAIBase;)V[1939,1946]::addTask->func_75776_a
Rename field net/minecraft/entity/EntityLiving/tasks[2008,2013]::tasks->field_70714_bg
Rename method net/minecraft/entity/ai/EntityAITasks/addTask (ILnet/minecraft/entity/ai/EntityAIBase;)V[2023,2030]::addTask->func_75776_a
Rename field net/minecraft/entity/EntityLiving/tasks[2080,2085]::tasks->field_70714_bg
Rename method net/minecraft/entity/ai/EntityAITasks/addTask (ILnet/minecraft/entity/ai/EntityAIBase;)V[2095,2102]::addTask->func_75776_a
Rename field net/minecraft/entity/EntityLiving/tasks[2178,2183]::tasks->field_70714_bg
Rename method net/minecraft/entity/ai/EntityAITasks/addTask (ILnet/minecraft/entity/ai/EntityAIBase;)V[2193,2200]::addTask->func_75776_a
Rename field net/minecraft/entity/EntityLiving/tasks[2345,2350]::tasks->field_70714_bg
Rename method net/minecraft/entity/ai/EntityAITasks/addTask (ILnet/minecraft/entity/ai/EntityAIBase;)V[2360,2367]::addTask->func_75776_a
Rename field net/minecraft/entity/EntityLiving/tasks[2411,2416]::tasks->field_70714_bg
Rename method net/minecraft/entity/ai/EntityAITasks/addTask (ILnet/minecraft/entity/ai/EntityAIBase;)V[2426,2433]::addTask->func_75776_a
Rename field net/minecraft/entity/EntityLiving/targetTasks[2506,2517]::targetTasks->field_70715_bh
Rename method net/minecraft/entity/ai/EntityAITasks/addTask (ILnet/minecraft/entity/ai/EntityAIBase;)V[2521,2528]::addTask->func_75776_a
Rename method net/minecraft/entity/EntityLivingBase/attackEntityAsMob (Lnet/minecraft/entity/Entity;)Z[2670,2687]::attackEntityAsMob->func_70652_k
Rename method net/minecraft/entity/EntityLivingBase/attackEntityAsMob (Lnet/minecraft/entity/Entity;)Z[2717,2734]::attackEntityAsMob->func_70652_k
Rename method net/minecraft/entity/EntityLivingBase/attackEntityAsMob (Lnet/minecraft/entity/Entity;)Z[2833,2850]::attackEntityAsMob->func_70652_k
Rename method net/minecraft/entity/Entity/attackEntityFrom (Lnet/minecraft/util/DamageSource;F)Z[2867,2883]::attackEntityFrom->func_70097_a
Rename method net/minecraft/entity/EntityLivingBase/getLastDamageSource ()Lnet/minecraft/util/DamageSource;[2910,2929]::getLastDamageSource->func_189748_bU
Rename method net/minecraft/entity/EntityLiving/getAmbientSound ()Lnet/minecraft/util/SoundEvent;[3036,3051]::getAmbientSound->func_184639_G
Rename field net/minecraft/init/SoundEvents/ENTITY_BLAZE_AMBIENT[3078,3098]::ENTITY_BLAZE_AMBIENT->field_187594_A
Rename method net/minecraft/entity/EntityLivingBase/getHurtSound (Lnet/minecraft/util/DamageSource;)Lnet/minecraft/util/SoundEvent;[3135,3147]::getHurtSound->func_184601_bQ
Rename field net/minecraft/init/SoundEvents/ENTITY_BLAZE_HURT[3202,3219]::ENTITY_BLAZE_HURT->field_187603_D
Rename method net/minecraft/entity/EntityLivingBase/getDeathSound ()Lnet/minecraft/util/SoundEvent;[3259,3272]::getDeathSound->func_184615_bR
Rename field net/minecraft/init/SoundEvents/ENTITY_BLAZE_DEATH[3302,3320]::ENTITY_BLAZE_DEATH->field_187600_C
Rename method net/minecraft/entity/EntityLiving/getLootTable ()Lnet/minecraft/util/ResourceLocation;[3377,3389]::getLootTable->func_184647_J
Import: javax.annotation.Nullable
Import: net.minecraft.entity.Entity
Import: net.minecraft.entity.EntityLivingBase
Import: net.minecraft.entity.SharedMonsterAttributes
Import: net.minecraft.entity.ai.EntityAIAttackMelee
Import: net.minecraft.entity.ai.EntityAIHurtByTarget
Import: net.minecraft.entity.ai.EntityAILookIdle
Import: net.minecraft.entity.ai.EntityAISwimming
Import: net.minecraft.entity.ai.EntityAIWander
Import: net.minecraft.entity.ai.EntityAIWatchClosest
Import: net.minecraft.entity.monster.EntityMob
Import: net.minecraft.entity.monster.EntityZombie
Import: net.minecraft.entity.player.EntityPlayer
Import: net.minecraft.init.SoundEvents
Import: net.minecraft.util.DamageSource
Import: net.minecraft.util.ResourceLocation
Import: net.minecraft.util.SoundEvent
Import: net.minecraft.world.World
Import: ru.d78boga.dreammobs.entity.ai.EntityAIFireBlock
Import: ru.d78boga.dreammobs.entity.ai.EntityAIMoveToFlammableBlock
Import: ru.d78boga.dreammobs.registry.LootTables
End  Processing: ru/d78boga/dreammobs/entity/EntityPyro.java

Start Processing: ru/d78boga/dreammobs/entity/ai/EntityAIFireBlock.java
FOUND CONSTR method ru/d78boga/dreammobs/entity/ai/EntityAIFireBlock/EntityAIFireBlock (Lnet/minecraft/entity/EntityLiving;Lru/d78boga/dreammobs/entity/ai/IEntityAITargetNavigator;)V ru/d78boga/dreammobs/entity/ai/EntityAIFireBlock
Rename method net/minecraft/entity/ai/EntityAIBase/shouldExecute ()Z[709,722]::shouldExecute->func_75250_a
Rename field net/minecraft/entity/Entity/isCollidedHorizontally[836,858]::isCollidedHorizontally->field_70123_F
Rename field net/minecraft/entity/Entity/world[865,870]::world->field_70170_p
Rename method net/minecraft/world/World/getGameRules ()Lnet/minecraft/world/GameRules;[879,891]::getGameRules->func_82736_K
Rename method net/minecraft/world/GameRules/getBoolean (Ljava/lang/String;)Z[894,904]::getBoolean->func_82766_b
Rename method net/minecraft/entity/Entity/getDistanceSq (Lnet/minecraft/util/math/BlockPos;)D[950,963]::getDistanceSq->func_174818_b
Rename field net/minecraft/entity/Entity/world[1211,1216]::world->field_70170_p
Rename method net/minecraft/world/IBlockAccess/getBlockState (Lnet/minecraft/util/math/BlockPos;)Lnet/minecraft/block/state/IBlockState;[1249,1262]::getBlockState->func_180495_p
Rename method net/minecraft/block/state/IBlockState/getBlock ()Lnet/minecraft/block/Block;[1268,1276]::getBlock->func_177230_c
Rename method net/minecraft/entity/ai/EntityAIBase/startExecuting ()V[1436,1450]::startExecuting->func_75249_e
Rename method net/minecraft/entity/EntityLiving/getLookHelper ()Lnet/minecraft/entity/ai/EntityLookHelper;[1470,1483]::getLookHelper->func_70671_ap
Rename method net/minecraft/entity/ai/EntityLookHelper/setLookPosition (DDDFF)V[1486,1501]::setLookPosition->func_75650_a
Rename method net/minecraft/util/math/Vec3i/getX ()I[1513,1517]::getX->func_177958_n
Rename method net/minecraft/util/math/Vec3i/getY ()I[1551,1555]::getY->func_177956_o
Rename method net/minecraft/util/math/Vec3i/getZ ()I[1589,1593]::getZ->func_177952_p
Rename method net/minecraft/entity/EntityLiving/getHorizontalFaceSpeed ()I[1625,1647]::getHorizontalFaceSpeed->func_184649_cE
Rename method net/minecraft/entity/EntityLiving/getVerticalFaceSpeed ()I[1655,1675]::getVerticalFaceSpeed->func_70646_bf
Rename field net/minecraft/entity/Entity/world[1702,1707]::world->field_70170_p
Rename method net/minecraft/util/EnumFacing/getDirectionFromEntityLiving (Lnet/minecraft/util/math/BlockPos;Lnet/minecraft/entity/EntityLivingBase;)Lnet/minecraft/util/EnumFacing;[1751,1779]::getDirectionFromEntityLiving->func_190914_a
Rename method net/minecraft/util/math/BlockPos/offset (Lnet/minecraft/util/EnumFacing;)Lnet/minecraft/util/math/BlockPos;[1826,1832]::offset->func_177972_a
Rename method net/minecraft/world/IBlockAccess/isAirBlock (Lnet/minecraft/util/math/BlockPos;)Z[1864,1874]::isAirBlock->func_175623_d
Rename method net/minecraft/world/World/setBlockState (Lnet/minecraft/util/math/BlockPos;Lnet/minecraft/block/state/IBlockState;I)Z[1899,1912]::setBlockState->func_180501_a
Rename field net/minecraft/init/Blocks/FIRE[1925,1929]::FIRE->field_150480_ab
Rename method net/minecraft/block/Block/getDefaultState ()Lnet/minecraft/block/state/IBlockState;[1941,1956]::getDefaultState->func_176223_P
Import: net.minecraft.block.Block
Import: net.minecraft.entity.EntityLiving
Import: net.minecraft.entity.ai.EntityAIBase
Import: net.minecraft.init.Blocks
Import: net.minecraft.util.EnumFacing
Import: net.minecraft.util.math.BlockPos
Import: net.minecraft.world.World
End  Processing: ru/d78boga/dreammobs/entity/ai/EntityAIFireBlock.java

Start Processing: ru/d78boga/dreammobs/entity/ai/EntityAIMoveToFlammableBlock.java
FOUND CONSTR method ru/d78boga/dreammobs/entity/ai/EntityAIMoveToFlammableBlock/EntityAIMoveToFlammableBlock (Lnet/minecraft/entity/EntityCreature;)V ru/d78boga/dreammobs/entity/ai/EntityAIMoveToFlammableBlock
Rename method net/minecraft/entity/ai/EntityAIBase/setMutexBits (I)V[689,701]::setMutexBits->func_75248_a
Rename method net/minecraft/entity/ai/EntityAIBase/shouldExecute ()Z[827,840]::shouldExecute->func_75250_a
Rename method net/minecraft/entity/EntityLivingBase/getRNG ()Ljava/util/Random;[877,883]::getRNG->func_70681_au
Rename field net/minecraft/entity/Entity/world[1045,1050]::world->field_70170_p
Rename method net/minecraft/world/IBlockAccess/getBlockState (Lnet/minecraft/util/math/BlockPos;)Lnet/minecraft/block/state/IBlockState;[1279,1292]::getBlockState->func_180495_p
Rename method net/minecraft/block/state/IBlockState/getBlock ()Lnet/minecraft/block/Block;[1298,1306]::getBlock->func_177230_c
Rename method net/minecraft/entity/ai/EntityAIBase/shouldContinueExecuting ()Z[1712,1735]::shouldContinueExecuting->func_75253_b
Rename method net/minecraft/entity/EntityLiving/getNavigator ()Lnet/minecraft/pathfinding/PathNavigate;[1754,1766]::getNavigator->func_70661_as
Rename method net/minecraft/pathfinding/PathNavigate/noPath ()Z[1770,1776]::noPath->func_75500_f
Rename method net/minecraft/entity/ai/EntityAIBase/updateTask ()V[1818,1828]::updateTask->func_75246_d
Rename method net/minecraft/entity/EntityLiving/getLookHelper ()Lnet/minecraft/entity/ai/EntityLookHelper;[1852,1865]::getLookHelper->func_70671_ap
Rename method net/minecraft/entity/ai/EntityLookHelper/setLookPosition (DDDFF)V[1868,1883]::setLookPosition->func_75650_a
Rename method net/minecraft/util/math/Vec3i/getX ()I[1896,1900]::getX->func_177958_n
Rename method net/minecraft/util/math/Vec3i/getY ()I[1935,1939]::getY->func_177956_o
Rename method net/minecraft/util/math/Vec3i/getZ ()I[1974,1978]::getZ->func_177952_p
Rename method net/minecraft/entity/EntityLiving/getHorizontalFaceSpeed ()I[2010,2032]::getHorizontalFaceSpeed->func_184649_cE
Rename method net/minecraft/entity/EntityLiving/getVerticalFaceSpeed ()I[2040,2060]::getVerticalFaceSpeed->func_70646_bf
Rename method net/minecraft/entity/ai/EntityAIBase/startExecuting ()V[2090,2104]::startExecuting->func_75249_e
Rename method net/minecraft/util/math/Vec3i/getX ()I[2138,2142]::getX->func_177958_n
Rename method net/minecraft/util/math/Vec3i/getY ()I[2184,2188]::getY->func_177956_o
Rename method net/minecraft/util/math/Vec3i/getZ ()I[2230,2234]::getZ->func_177952_p
Rename method net/minecraft/entity/EntityLiving/getNavigator ()Lnet/minecraft/pathfinding/PathNavigate;[2396,2408]::getNavigator->func_70661_as
Rename method net/minecraft/pathfinding/PathNavigate/tryMoveToXYZ (DDDD)Z[2412,2424]::tryMoveToXYZ->func_75492_a
Rename method net/minecraft/entity/ai/EntityAIBase/resetTask ()V[2487,2496]::resetTask->func_75251_c
Import: java.util.ArrayList
Import: java.util.Random
Import: net.minecraft.block.Block
Import: net.minecraft.entity.EntityCreature
Import: net.minecraft.entity.ai.EntityAIBase
Import: net.minecraft.util.math.BlockPos
Import: net.minecraft.world.World
Import: ru.d78boga.dreammobs.util.BlockFinder
End  Processing: ru/d78boga/dreammobs/entity/ai/EntityAIMoveToFlammableBlock.java

Start Processing: ru/d78boga/dreammobs/entity/ai/IEntityAITargetNavigator.java
Import: net.minecraft.util.math.BlockPos
End  Processing: ru/d78boga/dreammobs/entity/ai/IEntityAITargetNavigator.java

Start Processing: ru/d78boga/dreammobs/entity/render/RenderPyro.java
FOUND CONSTR method ru/d78boga/dreammobs/entity/render/RenderPyro/RenderPyro (Lnet/minecraft/client/renderer/entity/RenderManager;)V ru/d78boga/dreammobs/entity/render/RenderPyro
Rename method net/minecraft/client/renderer/entity/Render/getEntityTexture (Lnet/minecraft/entity/Entity;)Lnet/minecraft/util/ResourceLocation;[876,892]::getEntityTexture->func_110775_a
Import: javax.annotation.Nonnull
Import: net.minecraft.client.model.ModelBiped
Import: net.minecraft.client.renderer.entity.Render
Import: net.minecraft.client.renderer.entity.RenderLiving
Import: net.minecraft.client.renderer.entity.RenderManager
Import: net.minecraft.util.ResourceLocation
Import: net.minecraftforge.fml.client.registry.IRenderFactory
Import: ru.d78boga.dreammobs.entity.EntityPyro
Import: ru.d78boga.dreammobs.util.ResourceLocator
End  Processing: ru/d78boga/dreammobs/entity/render/RenderPyro.java

Start Processing: ru/d78boga/dreammobs/item/ItemFieryHeart.java
FOUND CONSTR method ru/d78boga/dreammobs/item/ItemFieryHeart/ItemFieryHeart ()V ru/d78boga/dreammobs/item/ItemFieryHeart
Rename method net/minecraft/item/Item/setUnlocalizedName (Ljava/lang/String;)Lnet/minecraft/item/Item;[900,918]::setUnlocalizedName->func_77655_b
Rename method net/minecraft/item/Item/setCreativeTab (Lnet/minecraft/creativetab/CreativeTabs;)Lnet/minecraft/item/Item;[977,991]::setCreativeTab->func_77637_a
Rename field net/minecraft/creativetab/CreativeTabs/MISC[1003,1007]::MISC->field_78026_f
Rename method net/minecraft/item/Item/onItemRightClick (Lnet/minecraft/world/World;Lnet/minecraft/entity/player/EntityPlayer;Lnet/minecraft/util/EnumHand;)Lnet/minecraft/util/ActionResult;[1070,1086]::onItemRightClick->func_77659_a
Rename method net/minecraft/entity/EntityLivingBase/getHeldItem (Lnet/minecraft/util/EnumHand;)Lnet/minecraft/item/ItemStack;[1164,1175]::getHeldItem->func_184586_b
Rename field net/minecraft/entity/player/EntityPlayer/capabilities[1202,1214]::capabilities->field_71075_bZ
Rename field net/minecraft/entity/player/PlayerCapabilities/isCreativeMode[1217,1231]::isCreativeMode->field_75098_d
Rename method net/minecraft/item/ItemStack/shrink (I)V[1247,1253]::shrink->func_190918_g
Rename method net/minecraft/world/World/playSound (Lnet/minecraft/entity/player/EntityPlayer;Lnet/minecraft/util/math/BlockPos;Lnet/minecraft/util/SoundEvent;Lnet/minecraft/util/SoundCategory;FF)V[1281,1290]::playSound->func_184133_a
Rename method net/minecraft/command/ICommandSender/getPosition ()Lnet/minecraft/util/math/BlockPos;[1310,1321]::getPosition->func_180425_c
Rename field net/minecraft/world/World/rand[1391,1395]::rand->field_73012_v
Rename method net/minecraft/entity/player/EntityPlayer/addStat (Lnet/minecraft/stats/StatBase;)V[1485,1492]::addStat->func_71029_a
Rename method net/minecraft/stats/StatList/getObjectUseStats (Lnet/minecraft/item/Item;)Lnet/minecraft/stats/StatBase;[1507,1524]::getObjectUseStats->func_188057_b
Rename field net/minecraft/advancements/CriteriaTriggers/CONSUME_ITEM[1598,1610]::CONSUME_ITEM->field_193138_y
Rename method net/minecraft/advancements/critereon/ConsumeItemTrigger/trigger (Lnet/minecraft/entity/player/EntityPlayerMP;Lnet/minecraft/item/ItemStack;)V[1613,1620]::trigger->func_193148_a
Rename field net/minecraft/world/World/isRemote[1840,1848]::isRemote->field_72995_K
Rename method net/minecraft/entity/EntityLivingBase/addPotionEffect (Lnet/minecraft/potion/PotionEffect;)V[1871,1886]::addPotionEffect->func_70690_d
Import: net.minecraft.advancements.CriteriaTriggers
Import: net.minecraft.creativetab.CreativeTabs
Import: net.minecraft.entity.player.EntityPlayer
Import: net.minecraft.entity.player.EntityPlayerMP
Import: net.minecraft.item.Item
Import: net.minecraft.item.ItemStack
Import: net.minecraft.potion.Potion
Import: net.minecraft.potion.PotionEffect
Import: net.minecraft.stats.StatList
Import: net.minecraft.util.ActionResult
Import: net.minecraft.util.EnumActionResult
Import: net.minecraft.util.EnumHand
Import: net.minecraft.util.SoundCategory
Import: net.minecraft.world.World
Import: ru.d78boga.dreammobs.registry.Potions
Import: ru.d78boga.dreammobs.registry.Sounds
End  Processing: ru/d78boga/dreammobs/item/ItemFieryHeart.java

Start Processing: ru/d78boga/dreammobs/potion/PotionFireSpirit.java
New Key: class net/minecraftforge/fml/common/Mod
FOUND CONSTR method ru/d78boga/dreammobs/potion/PotionFireSpirit/PotionFireSpirit (ZI)V ru/d78boga/dreammobs/potion/PotionFireSpirit
Rename method net/minecraft/entity/EntityLivingBase/isPotionActive (Lnet/minecraft/potion/Potion;)Z[1234,1248]::isPotionActive->func_70644_a
Rename method net/minecraft/util/DamageSource/isFireDamage ()Z[1300,1312]::isFireDamage->func_76347_k
Rename method net/minecraft/util/DamageSource/getTrueSource ()Lnet/minecraft/entity/Entity;[1385,1398]::getTrueSource->func_76346_g
Rename method net/minecraft/util/DamageSource/getTrueSource ()Lnet/minecraft/entity/Entity;[1455,1468]::getTrueSource->func_76346_g
Rename method net/minecraft/entity/Entity/setFire (I)V[1484,1491]::setFire->func_70015_d
Rename method net/minecraft/entity/EntityLivingBase/isPotionActive (Lnet/minecraft/potion/Potion;)Z[1662,1676]::isPotionActive->func_70644_a
Rename method net/minecraft/entity/Entity/setFire (I)V[1724,1731]::setFire->func_70015_d
Rename field net/minecraft/client/Minecraft/renderEngine[1912,1924]::renderEngine->field_71446_o
Rename method net/minecraft/client/renderer/texture/TextureManager/bindTexture (Lnet/minecraft/util/ResourceLocation;)V[1926,1937]::bindTexture->func_110577_a
Rename method net/minecraft/client/gui/Gui/drawModalRectWithCustomSizedTexture (IIFFIIFF)V[1956,1991]::drawModalRectWithCustomSizedTexture->func_146110_a
Rename field net/minecraft/client/Minecraft/renderEngine[2152,2164]::renderEngine->field_71446_o
Rename method net/minecraft/client/renderer/texture/TextureManager/bindTexture (Lnet/minecraft/util/ResourceLocation;)V[2166,2177]::bindTexture->func_110577_a
Rename method net/minecraft/client/gui/Gui/drawModalRectWithCustomSizedTexture (IIFFIIFF)V[2196,2231]::drawModalRectWithCustomSizedTexture->func_146110_a
Import: net.minecraft.client.Minecraft
Import: net.minecraft.client.gui.Gui
Import: net.minecraft.entity.Entity
Import: net.minecraft.potion.Potion
Import: net.minecraft.potion.PotionEffect
Import: net.minecraft.util.ResourceLocation
Import: net.minecraftforge.event.entity.living.LivingHurtEvent
Import: net.minecraftforge.event.entity.player.AttackEntityEvent
Import: net.minecraftforge.fml.common.Mod
Import: net.minecraftforge.fml.common.eventhandler.SubscribeEvent
Import: net.minecraftforge.fml.relauncher.Side
Import: net.minecraftforge.fml.relauncher.SideOnly
Import: ru.d78boga.dreammobs.DreamMobs
Import: ru.d78boga.dreammobs.registry.Potions
Import: ru.d78boga.dreammobs.util.ResourceLocator
End  Processing: ru/d78boga/dreammobs/potion/PotionFireSpirit.java

Start Processing: ru/d78boga/dreammobs/proxy/ClientProxy.java
Import: net.minecraftforge.fml.common.event.FMLInitializationEvent
Import: net.minecraftforge.fml.common.event.FMLPostInitializationEvent
Import: net.minecraftforge.fml.common.event.FMLPreInitializationEvent
Import: ru.d78boga.dreammobs.registry.Entities
Import: ru.d78boga.dreammobs.registry.Items
End  Processing: ru/d78boga/dreammobs/proxy/ClientProxy.java

Start Processing: ru/d78boga/dreammobs/proxy/CommonProxy.java
Import: net.minecraftforge.fml.common.event.FMLInitializationEvent
Import: net.minecraftforge.fml.common.event.FMLPostInitializationEvent
Import: net.minecraftforge.fml.common.event.FMLPreInitializationEvent
Import: ru.d78boga.dreammobs.registry.Entities
Import: ru.d78boga.dreammobs.registry.Items
End  Processing: ru/d78boga/dreammobs/proxy/CommonProxy.java

Start Processing: ru/d78boga/dreammobs/proxy/IProxy.java
Import: net.minecraftforge.fml.common.event.FMLInitializationEvent
Import: net.minecraftforge.fml.common.event.FMLPostInitializationEvent
Import: net.minecraftforge.fml.common.event.FMLPreInitializationEvent
End  Processing: ru/d78boga/dreammobs/proxy/IProxy.java

Start Processing: ru/d78boga/dreammobs/registry/Entities.java
FOUND CONSTR method ru/d78boga/dreammobs/registry/Entities/Registry/Registry ()V ru/d78boga/dreammobs/registry/Entities/Registry
Rename field net/minecraft/init/Biomes/FOREST[1309,1315]::FOREST->field_76767_f
Rename field net/minecraft/init/Biomes/FOREST_HILLS[1331,1343]::FOREST_HILLS->field_76785_t
Rename field net/minecraft/init/Biomes/BIRCH_FOREST[1353,1365]::BIRCH_FOREST->field_150583_P
Rename field net/minecraft/init/Biomes/BIRCH_FOREST_HILLS[1376,1394]::BIRCH_FOREST_HILLS->field_150582_Q
Rename field net/minecraft/init/Biomes/COLD_TAIGA[1399,1409]::COLD_TAIGA->field_150584_S
Rename field net/minecraft/init/Biomes/COLD_TAIGA_HILLS[1422,1438]::COLD_TAIGA_HILLS->field_150579_T
Rename field net/minecraft/block/material/MapColor/BROWN[1625,1630]::BROWN->field_151650_B
Rename field net/minecraft/block/material/MapColor/colorValue[1640,1650]::colorValue->field_76291_p
Rename field net/minecraft/block/material/MapColor/BLUE[1664,1668]::BLUE->field_151649_A
Rename field net/minecraft/block/material/MapColor/colorValue[1679,1689]::colorValue->field_76291_p
Import: net.minecraft.block.material.MapColor
Import: net.minecraft.entity.Entity
Import: net.minecraft.entity.EntityList.EntityEggInfo
Import: net.minecraft.entity.EnumCreatureType
Import: net.minecraft.init.Biomes
Import: net.minecraft.util.ResourceLocation
Import: net.minecraft.world.biome.Biome
Import: net.minecraftforge.fml.client.registry.IRenderFactory
Import: net.minecraftforge.fml.client.registry.RenderingRegistry
Import: net.minecraftforge.fml.common.registry.EntityEntry
Import: net.minecraftforge.fml.common.registry.EntityRegistry
Import: net.minecraftforge.fml.common.registry.ForgeRegistries
Import: net.minecraftforge.fml.relauncher.Side
Import: net.minecraftforge.fml.relauncher.SideOnly
Import: net.minecraftforge.registries.IForgeRegistry
Import: ru.d78boga.dreammobs.entity.EntityPyro
Import: ru.d78boga.dreammobs.entity.render.RenderPyro
Import: ru.d78boga.dreammobs.util.ResourceLocator
End  Processing: ru/d78boga/dreammobs/registry/Entities.java

Start Processing: ru/d78boga/dreammobs/registry/Items.java
FOUND CONSTR method ru/d78boga/dreammobs/registry/Items/Registry/Registry ()V ru/d78boga/dreammobs/registry/Items/Registry
Rename method net/minecraft/client/Minecraft/getMinecraft ()Lnet/minecraft/client/Minecraft;[1245,1257]::getMinecraft->func_71410_x
Rename method net/minecraft/client/Minecraft/getRenderItem ()Lnet/minecraft/client/renderer/RenderItem;[1260,1273]::getRenderItem->func_175599_af
Rename method net/minecraft/client/renderer/RenderItem/getItemModelMesher ()Lnet/minecraft/client/renderer/ItemModelMesher;[1442,1460]::getItemModelMesher->func_175037_a
Rename method net/minecraft/client/renderer/ItemModelMesher/register (Lnet/minecraft/item/Item;ILnet/minecraft/client/renderer/block/model/ModelResourceLocation;)V[1458,1466]::register->func_178086_a
Import: java.util.ArrayList
Import: net.minecraft.client.Minecraft
Import: net.minecraft.client.renderer.RenderItem
Import: net.minecraft.client.renderer.block.model.ModelResourceLocation
Import: net.minecraft.item.Item
Import: net.minecraftforge.fml.common.registry.ForgeRegistries
Import: net.minecraftforge.fml.relauncher.Side
Import: net.minecraftforge.fml.relauncher.SideOnly
Import: net.minecraftforge.registries.IForgeRegistry
Import: ru.d78boga.dreammobs.item.ItemFieryHeart
End  Processing: ru/d78boga/dreammobs/registry/Items.java

Start Processing: ru/d78boga/dreammobs/registry/LootTables.java
Rename method net/minecraft/world/storage/loot/LootTableList/register (Lnet/minecraft/util/ResourceLocation;)Lnet/minecraft/util/ResourceLocation;[389,397]::register->func_186375_a
Import: net.minecraft.util.ResourceLocation
Import: net.minecraft.world.storage.loot.LootTableList
Import: ru.d78boga.dreammobs.util.ResourceLocator
End  Processing: ru/d78boga/dreammobs/registry/LootTables.java

Start Processing: ru/d78boga/dreammobs/registry/Potions.java
New Key: class net/minecraftforge/fml/common/Mod
New Key: class net/minecraftforge/event/RegistryEvent
Rename method net/minecraft/potion/Potion/setPotionName (Ljava/lang/String;)Lnet/minecraft/potion/Potion;[773,786]::setPotionName->func_76390_b
Import: net.minecraft.potion.Potion
Import: net.minecraftforge.event.RegistryEvent
Import: net.minecraftforge.fml.common.Mod
Import: net.minecraftforge.fml.common.eventhandler.SubscribeEvent
Import: ru.d78boga.dreammobs.DreamMobs
Import: ru.d78boga.dreammobs.potion.PotionFireSpirit
End  Processing: ru/d78boga/dreammobs/registry/Potions.java

Start Processing: ru/d78boga/dreammobs/registry/Sounds.java
New Key: class net/minecraftforge/fml/common/Mod
New Key: class net/minecraftforge/event/RegistryEvent
Import: net.minecraft.util.ResourceLocation
Import: net.minecraft.util.SoundEvent
Import: net.minecraftforge.event.RegistryEvent
Import: net.minecraftforge.fml.common.Mod
Import: net.minecraftforge.fml.common.eventhandler.SubscribeEvent
Import: ru.d78boga.dreammobs.DreamMobs
Import: ru.d78boga.dreammobs.util.ResourceLocator
End  Processing: ru/d78boga/dreammobs/registry/Sounds.java

Start Processing: ru/d78boga/dreammobs/util/BlockFinder.java
Rename method net/minecraft/util/math/Vec3i/getX ()I[545,549]::getX->func_177958_n
Rename method net/minecraft/util/math/Vec3i/getY ()I[573,577]::getY->func_177956_o
Rename method net/minecraft/util/math/Vec3i/getZ ()I[601,605]::getZ->func_177952_p
Rename method net/minecraft/util/math/Vec3i/distanceSq (Lnet/minecraft/util/math/Vec3i;)D[642,652]::distanceSq->func_177951_i
Rename method net/minecraft/world/IBlockAccess/getBlockState (Lnet/minecraft/util/math/BlockPos;)Lnet/minecraft/block/state/IBlockState;[704,717]::getBlockState->func_180495_p
Rename method net/minecraft/block/state/IBlockState/getBlock ()Lnet/minecraft/block/Block;[723,731]::getBlock->func_177230_c
Rename method net/minecraft/util/math/Vec3i/getX ()I[1136,1140]::getX->func_177958_n
Rename method net/minecraft/util/math/Vec3i/getY ()I[1164,1168]::getY->func_177956_o
Rename method net/minecraft/util/math/Vec3i/getZ ()I[1192,1196]::getZ->func_177952_p
Rename method net/minecraft/util/math/Vec3i/distanceSq (Lnet/minecraft/util/math/Vec3i;)D[1233,1243]::distanceSq->func_177951_i
Import: java.util.ArrayList
Import: net.minecraft.block.Block
Import: net.minecraft.util.math.BlockPos
Import: net.minecraft.world.World
End  Processing: ru/d78boga/dreammobs/util/BlockFinder.java

Start Processing: ru/d78boga/dreammobs/util/RandomPositionGenerator.java
End  Processing: ru/d78boga/dreammobs/util/RandomPositionGenerator.java

Start Processing: ru/d78boga/dreammobs/util/ResourceLocator.java
Import: net.minecraft.util.ResourceLocation
Import: ru.d78boga.dreammobs.DreamMobs
End  Processing: ru/d78boga/dreammobs/util/ResourceLocator.java

