[15:12:00] [main/INFO]: Setting user: Player749
[15:12:03] [main/WARN]: Skipping bad option: lastServer:
[15:12:03] [main/INFO]: LWJGL Version: 2.9.4
[15:12:05] [main/INFO]: Reloading ResourceManager: Default, FMLFileResourcePack:Forge Mod Loader, FMLFileResourcePack:Minecraft Forge, FMLFileResourcePack:Dream Mobs
[15:12:06] [Sound Library Loader/INFO]: Starting up SoundSystem...
[15:12:06] [Thread-5/INFO]: Initializing LWJGL OpenAL
[15:12:06] [Thread-5/INFO]: (The LWJGL binding of OpenAL.  For more information, see http://www.lwjgl.org)
[15:12:06] [Thread-5/INFO]: OpenAL initialized.
[15:12:07] [Sound Library Loader/INFO]: Sound engine started
[15:12:09] [main/INFO]: Created: 512x512 textures-atlas
[15:12:10] [main/WARN]: Skipping bad option: lastServer:
[15:12:10] [main/INFO]: Narrator library for x64 successfully loaded
[15:12:11] [Realms Notification Availability checker #1/INFO]: Could not authorize you against Realms server: Invalid session id
[15:12:18] [Server thread/INFO]: Starting integrated minecraft server version 1.12
[15:12:18] [Server thread/INFO]: Generating keypair
[15:12:18] [Server thread/INFO]: Loaded 488 advancements
[15:12:18] [Server thread/INFO]: Preparing start region for level 0
[15:12:19] [Server thread/INFO]: Changing view distance to 12, from 10
[15:12:20] [Server thread/INFO]: Player749[local:E:0fb7541c] logged in with entity id 158 at (1404.81477662477, 8.368097403803064, 729.2202680801893)
[15:12:20] [Server thread/INFO]: Player749 joined the game
[15:12:21] [Server thread/INFO]: Saving and pausing game...
[15:12:21] [Server thread/INFO]: Saving chunks for level 'New World'/overworld
[15:12:21] [Server thread/INFO]: Saving chunks for level 'New World'/the_nether
[15:12:21] [Server thread/INFO]: Saving chunks for level 'New World'/the_end
[15:12:21] [main/INFO]: Loaded 2 advancements
[15:15:52] [main/WARN]: Unable to play empty soundEvent: minecraft:entity.small_slime.jump
[15:15:52] [main/WARN]: Unable to play empty soundEvent: minecraft:entity.small_slime.squish
[15:16:00] [Server thread/INFO]: Saving and pausing game...
[15:16:00] [Server thread/INFO]: Saving chunks for level 'New World'/overworld
[15:16:01] [Server thread/INFO]: Saving chunks for level 'New World'/the_nether
[15:16:01] [Server thread/INFO]: Saving chunks for level 'New World'/the_end
