[21:11:40] [main/INFO]: Setting user: Player965
[21:11:44] [main/WARN]: Skipping bad option: lastServer:
[21:11:44] [main/INFO]: LWJGL Version: 2.9.4
[21:11:49] [main/INFO]: Reloading ResourceManager: Default, FMLFileResourcePack:Forge Mod Loader, FMLFileResourcePack:Minecraft Forge, FMLFileResourcePack:Dream Mobs
[21:11:53] [Sound Library Loader/INFO]: Starting up SoundSystem...
[21:11:53] [Thread-5/INFO]: Initializing LWJGL OpenAL
[21:11:53] [Thread-5/INFO]: (The LWJGL binding of OpenAL.  For more information, see http://www.lwjgl.org)
[21:11:53] [Thread-5/INFO]: OpenAL initialized.
[21:11:53] [Sound Library Loader/INFO]: Sound engine started
[21:11:58] [main/WARN]: Texture dreammobs:textures/items/fiery_heart.png with size 9x9 will have visual artifacts at mip level 4, it can only support level 0. Please report to the mod author that the texture should be some multiple of 16x16.
[21:11:58] [main/INFO]: Created: 512x512 textures-atlas
[21:12:00] [main/WARN]: Skipping bad option: lastServer:
[21:12:00] [main/INFO]: Narrator library for x64 successfully loaded
[21:12:01] [Realms Notification Availability checker #1/INFO]: Could not authorize you against Realms server: Invalid session id
[21:12:05] [Server thread/INFO]: Starting integrated minecraft server version 1.12
[21:12:05] [Server thread/INFO]: Generating keypair
[21:12:06] [Server thread/INFO]: Loaded 488 advancements
[21:12:06] [Server thread/INFO]: Preparing start region for level 0
[21:12:07] [Server thread/INFO]: Preparing spawn area: 58%
[21:12:07] [Server thread/INFO]: Changing view distance to 12, from 10
[21:12:09] [Server thread/INFO]: Player965[local:E:2266f293] logged in with entity id 296 at (-385.0682414492944, 68.0, 296.7116054479072)
[21:12:09] [Server thread/INFO]: Player965 присоединился к игре
[21:12:10] [Server thread/INFO]: Saving and pausing game...
[21:12:10] [Server thread/INFO]: Saving chunks for level 'Новый мир'/overworld
[21:12:11] [Server thread/INFO]: Saving chunks for level 'Новый мир'/the_nether
[21:12:11] [Server thread/INFO]: Saving chunks for level 'Новый мир'/the_end
[21:12:14] [Server thread/INFO]: Saving and pausing game...
[21:12:14] [Server thread/INFO]: Saving chunks for level 'Новый мир'/overworld
[21:12:14] [Server thread/INFO]: Saving chunks for level 'Новый мир'/the_nether
[21:12:14] [Server thread/INFO]: Saving chunks for level 'Новый мир'/the_end
[21:12:15] [Server thread/INFO]: Stopping server
[21:12:15] [Server thread/INFO]: Saving players
[21:12:15] [Server thread/INFO]: Player965 lost connection: Отключение
[21:12:15] [Server thread/INFO]: Player965 покинул игру
[21:12:15] [Server thread/INFO]: Stopping singleplayer server as player logged out
[21:12:15] [Server thread/INFO]: Saving worlds
[21:12:15] [Server thread/INFO]: Saving chunks for level 'Новый мир'/overworld
[21:12:15] [Server thread/INFO]: Saving chunks for level 'Новый мир'/the_nether
[21:12:15] [Server thread/INFO]: Saving chunks for level 'Новый мир'/the_end
[21:12:17] [main/INFO]: Stopping!
[21:12:17] [main/INFO]: SoundSystem shutting down...
[21:12:17] [main/WARN]: Author: Paul Lamb, www.paulscode.com
