[20:40:33] [main/INFO]: Setting user: Player752
[20:40:37] [main/WARN]: Skipping bad option: lastServer:
[20:40:37] [main/INFO]: LWJGL Version: 2.9.4
[20:40:42] [main/INFO]: Reloading ResourceManager: Default, FMLFileResourcePack:Forge Mod Loader, FMLFileResourcePack:Minecraft Forge, FMLFileResourcePack:Dream Mobs
[20:40:45] [Sound Library Loader/INFO]: Starting up SoundSystem...
[20:40:45] [Thread-5/INFO]: Initializing LWJGL OpenAL
[20:40:45] [Thread-5/INFO]: (The LWJGL binding of OpenAL.  For more information, see http://www.lwjgl.org)
[20:40:46] [Thread-5/INFO]: OpenAL initialized.
[20:40:46] [Sound Library Loader/INFO]: Sound engine started
[20:40:50] [main/WARN]: Texture dreammobs:textures/items/fiery_heart.png with size 9x9 will have visual artifacts at mip level 4, it can only support level 0. Please report to the mod author that the texture should be some multiple of 16x16.
[20:40:50] [main/INFO]: Created: 512x512 textures-atlas
[20:40:52] [main/WARN]: Skipping bad option: lastServer:
[20:40:52] [main/INFO]: Narrator library for x64 successfully loaded
[20:40:54] [Realms Notification Availability checker #1/INFO]: Could not authorize you against Realms server: Invalid session id
[20:40:57] [Server thread/INFO]: Starting integrated minecraft server version 1.12
[20:40:57] [Server thread/INFO]: Generating keypair
[20:40:58] [Server thread/INFO]: Loaded 488 advancements
[20:40:58] [Server thread/INFO]: Preparing start region for level 0
[20:40:59] [Server thread/INFO]: Preparing spawn area: 8%
[20:41:00] [Server thread/INFO]: Preparing spawn area: 18%
[20:41:01] [Server thread/INFO]: Preparing spawn area: 30%
[20:41:02] [Server thread/INFO]: Preparing spawn area: 40%
[20:41:03] [Server thread/INFO]: Preparing spawn area: 48%
[20:41:04] [Server thread/INFO]: Preparing spawn area: 64%
[20:41:05] [Server thread/INFO]: Preparing spawn area: 81%
[20:41:07] [Server thread/INFO]: Preparing spawn area: 97%
[20:41:07] [Server thread/INFO]: Changing view distance to 12, from 10
[20:41:09] [Server thread/INFO]: Player752[local:E:16d0b258] logged in with entity id 1992 at (-181.5, 74.0, 102.5)
[20:41:09] [Server thread/INFO]: Player752 присоединился к игре
[20:41:11] [Server thread/WARN]: Can't keep up! Did the system time change, or is the server overloaded? Running 2246ms behind, skipping 44 tick(s)
[20:41:30] [main/INFO]: [CHAT] /setblock, /setworldspawn
[20:41:55] [Server thread/INFO]: [Player752: Установлено время: 13000]
[20:41:55] [main/INFO]: [CHAT] Установлено время: 13000
[20:43:59] [Server thread/INFO]: Saving and pausing game...
[20:43:59] [Server thread/INFO]: Saving chunks for level 'Новый мир'/overworld
[20:43:59] [Server thread/INFO]: Saving chunks for level 'Новый мир'/the_nether
[20:43:59] [Server thread/INFO]: Saving chunks for level 'Новый мир'/the_end
[20:44:00] [Server thread/INFO]: Stopping server
[20:44:00] [Server thread/INFO]: Saving players
[20:44:00] [Server thread/INFO]: Player752 lost connection: Отключение
[20:44:00] [Server thread/INFO]: Player752 покинул игру
[20:44:00] [Server thread/INFO]: Stopping singleplayer server as player logged out
[20:44:00] [Server thread/INFO]: Saving worlds
[20:44:00] [Server thread/INFO]: Saving chunks for level 'Новый мир'/overworld
[20:44:00] [Server thread/INFO]: Saving chunks for level 'Новый мир'/the_nether
[20:44:00] [Server thread/INFO]: Saving chunks for level 'Новый мир'/the_end
[20:44:02] [main/INFO]: Stopping!
[20:44:02] [main/INFO]: SoundSystem shutting down...
[20:44:02] [main/WARN]: Author: Paul Lamb, www.paulscode.com
