[21:42:08] [main/INFO]: Setting user: Player194
[21:42:11] [main/WARN]: Skipping bad option: lastServer:
[21:42:11] [main/INFO]: LWJGL Version: 2.9.4
[21:42:14] [main/INFO]: Reloading ResourceManager: Default, FMLFileResourcePack:Forge Mod Loader, FMLFileResourcePack:Minecraft Forge, FMLFileResourcePack:Dream Mobs
[21:42:17] [Sound Library Loader/INFO]: Starting up SoundSystem...
[21:42:17] [Thread-5/INFO]: Initializing LWJGL OpenAL
[21:42:17] [Thread-5/INFO]: (The LWJGL binding of OpenAL.  For more information, see http://www.lwjgl.org)
[21:42:18] [Thread-5/INFO]: OpenAL initialized.
[21:42:18] [Sound Library Loader/INFO]: Sound engine started
[21:42:21] [main/WARN]: Texture dreammobs:textures/items/fiery_heart.png with size 9x9 will have visual artifacts at mip level 4, it can only support level 0. Please report to the mod author that the texture should be some multiple of 16x16.
[21:42:21] [main/INFO]: Created: 512x512 textures-atlas
[21:42:22] [main/WARN]: Skipping bad option: lastServer:
[21:42:23] [main/INFO]: Narrator library for x64 successfully loaded
[21:42:24] [Realms Notification Availability checker #1/INFO]: Could not authorize you against Realms server: Invalid session id
[21:43:01] [Server thread/INFO]: Starting integrated minecraft server version 1.12
[21:43:01] [Server thread/INFO]: Generating keypair
[21:43:02] [Server thread/INFO]: Loaded 488 advancements
[21:43:02] [Server thread/INFO]: Preparing start region for level 0
[21:43:03] [Server thread/INFO]: Preparing spawn area: 70%
[21:43:03] [Server thread/INFO]: Changing view distance to 12, from 10
[21:43:05] [Server thread/INFO]: Player194[local:E:d1576bab] logged in with entity id 336 at (-214.2497621854671, 66.0, 276.88880728490807)
[21:43:05] [Server thread/INFO]: Player194 присоединился к игре
[21:43:05] [Server thread/INFO]: Player194 получил достижение «[Осыпь меня алмазами]»
[21:43:06] [Server thread/INFO]: Saving and pausing game...
[21:43:06] [Server thread/INFO]: Saving chunks for level 'Новый мир'/overworld
[21:43:06] [main/INFO]: [CHAT] Player194 получил достижение «[Осыпь меня алмазами]»
[21:43:06] [Server thread/INFO]: Saving chunks for level 'Новый мир'/the_nether
[21:43:06] [main/INFO]: Loaded 7 advancements
[21:43:06] [Server thread/INFO]: Saving chunks for level 'Новый мир'/the_end
[21:43:18] [Server thread/INFO]: [Player194: Ваш режим игры изменён на Творческий режим]
[21:43:18] [main/INFO]: [CHAT] Ваш игровой режим изменён на Творческий режим
[21:43:34] [Server thread/INFO]: [Player194: Player194 телепортирован в точку -200.8212293038327 ,95.61246745025134, 171.19899033918333]
[21:43:34] [main/INFO]: [CHAT] Player194 телепортирован в точку -200.8212293038327 ,95.61246745025134, 171.19899033918333
[21:43:36] [Server thread/INFO]: [Player194: Player194 телепортирован в точку -102.49405470199096 ,95.61246745025134, 268.23013256281666]
[21:43:36] [main/INFO]: [CHAT] Player194 телепортирован в точку -102.49405470199096 ,95.61246745025134, 268.23013256281666
[21:43:38] [Server thread/INFO]: [Player194: Player194 телепортирован в точку -2.659084493678435 ,95.61246745025134, 367.9372448646008]
[21:43:38] [main/INFO]: [CHAT] Player194 телепортирован в точку -2.659084493678435 ,95.61246745025134, 367.9372448646008
[21:43:42] [Server thread/INFO]: [Player194: Player194 телепортирован в точку 72.55350980263083 ,95.61246745025134, 445.9349076927185]
[21:43:42] [main/INFO]: [CHAT] Player194 телепортирован в точку 72.55350980263083 ,95.61246745025134, 445.9349076927185
[21:43:44] [Server thread/INFO]: [Player194: Player194 телепортирован в точку 170.00632656074214 ,95.61246745025134, 1444.392010121971]
[21:43:44] [main/INFO]: [CHAT] Player194 телепортирован в точку 170.00632656074214 ,95.61246745025134, 1444.392010121971
[21:43:46] [Server thread/INFO]: [Player194: Player194 телепортирован в точку 269.9713433475744 ,95.61246745025134, 2444.385134000271]
[21:43:46] [main/INFO]: [CHAT] Player194 телепортирован в точку 269.9713433475744 ,95.61246745025134, 2444.385134000271
[21:43:48] [Server thread/INFO]: [Player194: Player194 телепортирован в точку 369.9713433475744 ,95.61246745025134, 3444.385134000271]
[21:43:48] [main/INFO]: [CHAT] Player194 телепортирован в точку 369.9713433475744 ,95.61246745025134, 3444.385134000271
[21:43:52] [Server thread/WARN]: Can't keep up! Did the system time change, or is the server overloaded? Running 3293ms behind, skipping 65 tick(s)
[21:43:58] [Server thread/INFO]: [Player194: Установлено время: 13000]
[21:43:58] [main/INFO]: [CHAT] Установлено время: 13000
[21:44:05] [main/INFO]: Loaded 14 advancements
[21:44:30] [Server thread/INFO]: Saving and pausing game...
[21:44:30] [Server thread/INFO]: Saving chunks for level 'Новый мир'/overworld
[21:44:30] [Server thread/INFO]: Saving chunks for level 'Новый мир'/the_nether
[21:44:30] [Server thread/INFO]: Saving chunks for level 'Новый мир'/the_end
[21:45:35] [Server thread/INFO]: [Player194: Ваш режим игры изменён на Режим выживания]
[21:45:35] [main/INFO]: [CHAT] Ваш игровой режим изменён на Режим выживания
[21:45:37] [main/INFO]: Loaded 14 advancements
[21:45:59] [main/INFO]: Loaded 23 advancements
[21:46:04] [main/INFO]: Loaded 25 advancements
[21:46:06] [Server thread/INFO]: Player194 получил достижение «[Охотник на монстров]»
[21:46:06] [main/INFO]: [CHAT] Player194 получил достижение «[Охотник на монстров]»
[21:46:06] [main/INFO]: Loaded 26 advancements
[21:46:25] [Server thread/INFO]: Saving and pausing game...
[21:46:25] [Server thread/INFO]: Saving chunks for level 'Новый мир'/overworld
[21:46:26] [Server thread/INFO]: Saving chunks for level 'Новый мир'/the_nether
[21:46:26] [Server thread/INFO]: Saving chunks for level 'Новый мир'/the_end
[21:46:26] [Server thread/INFO]: Stopping server
[21:46:26] [Server thread/INFO]: Saving players
[21:46:26] [Server thread/INFO]: Player194 lost connection: Отключение
[21:46:26] [Server thread/INFO]: Player194 покинул игру
[21:46:26] [Server thread/INFO]: Stopping singleplayer server as player logged out
[21:46:26] [Server thread/INFO]: Saving worlds
[21:46:26] [Server thread/INFO]: Saving chunks for level 'Новый мир'/overworld
[21:46:26] [Server thread/INFO]: Saving chunks for level 'Новый мир'/the_nether
[21:46:26] [Server thread/INFO]: Saving chunks for level 'Новый мир'/the_end
[21:46:28] [main/INFO]: Stopping!
[21:46:28] [main/INFO]: SoundSystem shutting down...
[21:46:28] [main/WARN]: Author: Paul Lamb, www.paulscode.com
